<?xml version="1.0" encoding="UTF-8"?>
<testsuite name="com.esdrasmorais.drones.DronesApplicationTests" tests="1" skipped="0" failures="0" errors="0" timestamp="2018-11-26T00:05:26" hostname="esdras-Inspiron-15-3567" time="0.158">
  <properties/>
  <testcase name="contextLoads" classname="com.esdrasmorais.drones.DronesApplicationTests" time="0.158"/>
  <system-out><![CDATA[]]></system-out>
  <system-err><![CDATA[]]></system-err>
</testsuite>
