<?xml version="1.0" encoding="UTF-8"?>
<testsuite name="DronesApplicationTests" tests="1" skipped="0" failures="0" errors="0" timestamp="2018-12-04T05:33:22" hostname="esdras-Inspiron-15-3567" time="0.0">
  <properties/>
  <testcase name="contextLoads" classname="DronesApplicationTests" time="0.0"/>
  <system-out><![CDATA[]]></system-out>
  <system-err><![CDATA[]]></system-err>
</testsuite>
